POST /echo/ HTTP/1.1
host:obfuscated.httpcarrierpigeons.xyz
content-length:17
cache-control:max-age=0
sec-ch-ua:"Not(A%3aBrand";v="99", "Google Chrome";v="133", "Chromium";v="133"
sec-ch-ua-mobile:?0
sec-ch-ua-platform:"macOS"
origin:https%3a//obfuscated.httpcarrierpigeons.xyz
dnt:1
upgrade-insecure-requests:1
content-type:application/x-www-form-urlencoded
user-agent:Mozilla/5.0 (Macintosh; Intel Mac OS X 10_15_7) AppleWebKit/537.36 (KHTML, like Gecko) Chrome/133.0.0.0 Safari/537.36
accept:text/html,application/xhtml+xml,application/xml;q=0.9,image/avif,image/webp,image/apng,*/*;q=0.8,application/signed-exchange;v=b3;q=0.7
sec-fetch-site:same-origin
sec-fetch-mode:navigate
sec-fetch-user:?1
sec-fetch-dest:document
referer:https%3a//obfuscated.httpcarrierpigeons.xyz/?page_id=76
accept-encoding:gzip, deflate, br, zstd
accept-language:en-US,en;q=0.9
priority:u=0, i